Device Boot Report

Intouch log file: ./kronos/device6_intouch.log
Lines scanned: 90672

Device boot count: initiated = 0, completed: 12


161(./kronos/device6_intouch.log): 2014-04-03 20:31:01Boot Completed
	Boot Time: 9223372036854775ms 

82303(./kronos/device6_intouch.log): 2014-04-09 14:54:39Boot Completed
	Boot Time: 9223372036854775ms 

85564(./kronos/device6_intouch.log): 2014-04-10 18:16:37Boot Completed
	Boot Time: 9223372036854775ms 

86123(./kronos/device6_intouch.log): 2014-04-10 19:14:24Boot Completed
	Boot Time: 9223372036854775ms 

86293(./kronos/device6_intouch.log): 2014-04-10 19:21:56Boot Completed
	Boot Time: 9223372036854775ms 

86732(./kronos/device6_intouch.log): 2014-04-10 19:35:36Boot Completed
	Boot Time: 9223372036854775ms 

86821(./kronos/device6_intouch.log): 2014-04-10 20:09:07Boot Completed
	Boot Time: 9223372036854775ms 

87111(./kronos/device6_intouch.log): 2014-04-11 00:18:49Boot Completed
	Boot Time: 9223372036854775ms 

87286(./kronos/device6_intouch.log): 2014-04-11 13:31:12Boot Completed
	Boot Time: 9223372036854775ms 

88009(./kronos/device6_intouch.log): 2014-04-11 14:00:49Boot Completed
	Boot Time: 9223372036854775ms 

89155(./kronos/device6_intouch.log): 2014-04-11 14:26:31Boot Completed
	Boot Time: 9223372036854775ms 

90307(./kronos/device6_intouch.log): 2014-04-14 12:21:25Boot Completed
	Boot Time: 9223372036854775ms 
